Using pre-set license
Built from '2021.1/staging' branch; Version is '2021.1.28f1 (f3f9dc10f3dd) revision 15989212'; Using compiler version '192528614'; Build Type 'Release'
OS: 'Windows 10 Enterprise LTSC 2019; OS build 17763.3406; Version 1809; 64bit' Language: 'en' Physical Memory: 16220 MB
BatchMode: 1, IsHumanControllingUs: 0, StartBugReporterOnCrash: 0, Is64bit: 1, IsPro: 0

COMMAND LINE ARGUMENTS:
C:\Program Files\Unity 2021.1.28f1\Editor\Unity.exe
-adb2
-batchMode
-noUpm
-name
AssetImportWorker0
-projectPath
C:/Users/axm69/Documents/GitHub/Talimentals-/Talimentals/Talimentals
-logFile
Logs/AssetImportWorker0.log
-srvPort
50889
Successfully changed project path to: C:/Users/axm69/Documents/GitHub/Talimentals-/Talimentals/Talimentals
C:/Users/axm69/Documents/GitHub/Talimentals-/Talimentals/Talimentals
Using Asset Import Pipeline V2.
Refreshing native plugins compatible for Editor in 82.41 ms, found 3 plugins.
Preloading 0 native plugins for Editor in 0.00 ms.
Initialize engine version: 2021.1.28f1 (f3f9dc10f3dd)
[Subsystems] Discovering subsystems at path C:/Program Files/Unity 2021.1.28f1/Editor/Data/Resources/UnitySubsystems
[Subsystems] Discovering subsystems at path C:/Users/axm69/Documents/GitHub/Talimentals-/Talimentals/Talimentals/Assets
GfxDevice: creating device client; threaded=0; jobified=0
Direct3D:
    Version:  Direct3D 11.0 [level 11.1]
    Renderer: NVIDIA Quadro P2000 (ID=0x1c30)
    Vendor:   NVIDIA
    VRAM:     5032 MB
    Driver:   31.0.15.1640
Initialize mono
Mono path[0] = 'C:/Program Files/Unity 2021.1.28f1/Editor/Data/Managed'
Mono path[1] = 'C:/Program Files/Unity 2021.1.28f1/Editor/Data/MonoBleedingEdge/lib/mono/unityjit'
Mono config path = 'C:/Program Files/Unity 2021.1.28f1/Editor/Data/MonoBleedingEdge/etc'
Using monoOptions --debugger-agent=transport=dt_socket,embedding=1,server=y,suspend=n,address=127.0.0.1:56144
Begin MonoManager ReloadAssembly
Registering precompiled unity dll's ...
Register platform support module: C:/Program Files/Unity 2021.1.28f1/Editor/Data/PlaybackEngines/WindowsStandaloneSupport/UnityEditor.WindowsStandalone.Extensions.dll
Registered in 0.000693 seconds.
Native extension for WindowsStandalone target not found
Refreshing native plugins compatible for Editor in 82.77 ms, found 3 plugins.
Preloading 0 native plugins for Editor in 0.00 ms.
Mono: successfully reloaded assembly
- Completed reload, in  1.084 seconds
Domain Reload Profiling:
	ReloadAssembly (1084ms)
		BeginReloadAssembly (50ms)
			ExecutionOrderSort (0ms)
			DisableScriptedObjects (0ms)
			BackupInstance (0ms)
			ReleaseScriptingObjects (0ms)
			CreateAndSetChildDomain (1ms)
		EndReloadAssembly (517ms)
			LoadAssemblies (50ms)
			RebuildTransferFunctionScriptingTraits (0ms)
			SetupTypeCache (215ms)
			ReleaseScriptCaches (0ms)
			RebuildScriptCaches (29ms)
			SetupLoadedEditorAssemblies (231ms)
				LogAssemblyErrors (0ms)
				InitializePlatformSupportModulesInManaged (5ms)
				SetLoadedEditorAssemblies (0ms)
				RefreshPlugins (83ms)
				BeforeProcessingInitializeOnLoad (1ms)
				ProcessInitializeOnLoadAttributes (113ms)
				ProcessInitializeOnLoadMethodAttributes (28ms)
				AfterProcessingInitializeOnLoad (0ms)
				EditorAssembliesLoaded (0ms)
			ExecutionOrderSort2 (0ms)
			AwakeInstancesAfterBackupRestoration (0ms)
Platform modules already initialized, skipping
Registering precompiled user dll's ...
Registered in 0.003904 seconds.
Begin MonoManager ReloadAssembly
Symbol file LoadedFromMemory doesn't match image C:\Users\axm69\Documents\GitHub\Talimentals-\Talimentals\Talimentals\Library\PackageCache\com.unity.visualscripting@1.6.1\Editor\VisualScripting.Core\Dependencies\YamlDotNet\Unity.VisualScripting.YamlDotNet.dll
Symbol file LoadedFromMemory doesn't match image C:\Users\axm69\Documents\GitHub\Talimentals-\Talimentals\Talimentals\Library\PackageCache\com.unity.visualscripting@1.6.1\Editor\VisualScripting.Core\Dependencies\DotNetZip\Unity.VisualScripting.IonicZip.dll
Native extension for WindowsStandalone target not found
Refreshing native plugins compatible for Editor in 0.58 ms, found 3 plugins.
Preloading 0 native plugins for Editor in 0.00 ms.
Mono: successfully reloaded assembly
- Completed reload, in  0.999 seconds
Domain Reload Profiling:
	ReloadAssembly (999ms)
		BeginReloadAssembly (131ms)
			ExecutionOrderSort (0ms)
			DisableScriptedObjects (4ms)
			BackupInstance (0ms)
			ReleaseScriptingObjects (0ms)
			CreateAndSetChildDomain (17ms)
		EndReloadAssembly (818ms)
			LoadAssemblies (82ms)
			RebuildTransferFunctionScriptingTraits (0ms)
			SetupTypeCache (327ms)
			ReleaseScriptCaches (1ms)
			RebuildScriptCaches (44ms)
			SetupLoadedEditorAssemblies (282ms)
				LogAssemblyErrors (0ms)
				InitializePlatformSupportModulesInManaged (4ms)
				SetLoadedEditorAssemblies (0ms)
				RefreshPlugins (1ms)
				BeforeProcessingInitializeOnLoad (61ms)
				ProcessInitializeOnLoadAttributes (203ms)
				ProcessInitializeOnLoadMethodAttributes (9ms)
				AfterProcessingInitializeOnLoad (3ms)
				EditorAssembliesLoaded (0ms)
			ExecutionOrderSort2 (0ms)
			AwakeInstancesAfterBackupRestoration (9ms)
Platform modules already initialized, skipping
========================================================================
Worker process is ready to serve import requests
Launched and connected shader compiler UnityShaderCompiler.exe after 0.03 seconds
Refreshing native plugins compatible for Editor in 0.58 ms, found 3 plugins.
Preloading 0 native plugins for Editor in 0.00 ms.
Unloading 3128 Unused Serialized files (Serialized files now loaded: 0)
System memory in use before: 114.5 MB.
System memory in use after: 114.7 MB.

Unloading 23 unused Assets to reduce memory usage. Loaded Objects now: 3571.
Total: 3.002400 ms (FindLiveObjects: 0.245200 ms CreateObjectMapping: 0.141200 ms MarkObjects: 2.553600 ms  DeleteObjects: 0.061400 ms)

AssetImportParameters requested are different than current active one (requested -> active):
  custom:framework-win-MediaFoundation: 216162199b28c13a410421893ffa2e32 -> 
  custom:video-decoder-ogg-theora: a1e56fd34408186e4bbccfd4996cb3dc -> 
  custom:container-muxer-webm: aa71ff27fc2769a1b78a27578f13a17b -> 
  custom:container-demuxer-webm: 4f35f7cbe854078d1ac9338744f61a02 -> 
  custom:container-demuxer-ogg: 62fdf1f143b41e24485cea50d1cbac27 -> 
  custom:video-encoder-webm-vp8: eb34c28f22e8b96e1ab97ce403110664 -> 
  custom:video-decoder-webm-vp8: 9c59270c3fd7afecdb556c50c9e8de78 -> 
  custom:audio-decoder-ogg-vorbis: bf7c407c2cedff20999df2af8eb42d56 -> 
  custom:audio-encoder-webm-vorbis: bf7c407c2cedff20999df2af8eb42d56 -> 
========================================================================
Received Import Request.
  path: Assets/Slot.prefab
  artifactKey: Guid(76d0e91a1b01e6946b261f27d77b41c2) Importer(815301076,1909f56bfc062723c751e8b465ee728b)
Start importing Assets/Slot.prefab using Guid(76d0e91a1b01e6946b261f27d77b41c2) Importer(815301076,1909f56bfc062723c751e8b465ee728b)  -> (artifact id: '109e78c7c2f83972013b317122ebdc95') in 0.079578 seconds 
========================================================================
Received Import Request.
  Time since last request: 8.561099 seconds.
  path: Assets/NPC's/Timothy.asset
  artifactKey: Guid(3e3201f76d66d1041afb2296bdd2eb58) Importer(815301076,1909f56bfc062723c751e8b465ee728b)
Start importing Assets/NPC's/Timothy.asset using Guid(3e3201f76d66d1041afb2296bdd2eb58) Importer(815301076,1909f56bfc062723c751e8b465ee728b)  -> (artifact id: '1abbc7002c7d8e124c5d66613a80c06c') in 0.006349 seconds 
========================================================================
Received Import Request.
  Time since last request: 1.481442 seconds.
  path: Assets/Player/Player Down Walk.png
  artifactKey: Guid(2c14159e09aca1641aea3a82add26e5a) Importer(815301076,1909f56bfc062723c751e8b465ee728b)
Start importing Assets/Player/Player Down Walk.png using Guid(2c14159e09aca1641aea3a82add26e5a) Importer(815301076,1909f56bfc062723c751e8b465ee728b)  -> (artifact id: '3cf4b7647dcbd1fc40738bd1dace0c6b') in 0.069736 seconds 
========================================================================
Received Import Request.
  Time since last request: 0.000231 seconds.
  path: Assets/Player/Player Walk Left.png
  artifactKey: Guid(12c164902b726884882a7de7a1c38cbc) Importer(815301076,1909f56bfc062723c751e8b465ee728b)
Start importing Assets/Player/Player Walk Left.png using Guid(12c164902b726884882a7de7a1c38cbc) Importer(815301076,1909f56bfc062723c751e8b465ee728b)  -> (artifact id: 'fe6043f8402b7c4ca70d45cea2dbe8b0') in 0.017127 seconds 
========================================================================
Received Import Request.
  Time since last request: 0.000260 seconds.
  path: Assets/Player/Player walk up.png
  artifactKey: Guid(203f6d669b8e84149b1c053577ba090e) Importer(815301076,1909f56bfc062723c751e8b465ee728b)
Start importing Assets/Player/Player walk up.png using Guid(203f6d669b8e84149b1c053577ba090e) Importer(815301076,1909f56bfc062723c751e8b465ee728b)  -> (artifact id: '584451ac546075767311b4b11065af11') in 0.015061 seconds 
========================================================================
Received Import Request.
  Time since last request: 0.000288 seconds.
  path: Assets/Player/Player.prefab
  artifactKey: Guid(3b02358a2fc6fd343b82f93c825840f8) Importer(815301076,1909f56bfc062723c751e8b465ee728b)
Start importing Assets/Player/Player.prefab using Guid(3b02358a2fc6fd343b82f93c825840f8) Importer(815301076,1909f56bfc062723c751e8b465ee728b)  -> (artifact id: '8b175ff31434adb6a3b2fc83af22eb60') in 0.008291 seconds 
========================================================================
Received Import Request.
  Time since last request: 0.000157 seconds.
  path: Assets/Player/Player Walk Right.png
  artifactKey: Guid(8440349bea1120541bbb38efb2cb57b5) Importer(815301076,1909f56bfc062723c751e8b465ee728b)
Start importing Assets/Player/Player Walk Right.png using Guid(8440349bea1120541bbb38efb2cb57b5) Importer(815301076,1909f56bfc062723c751e8b465ee728b)  -> (artifact id: '4d18e5439973b2c9f3d350b6f44112ce') in 0.015669 seconds 
========================================================================
Received Import Request.
  Time since last request: 4.233322 seconds.
  path: Assets/Sprite Art/auld.png
  artifactKey: Guid(de9c9cb2696354b41b9f8d3137312b2a) Importer(815301076,1909f56bfc062723c751e8b465ee728b)
Start importing Assets/Sprite Art/auld.png using Guid(de9c9cb2696354b41b9f8d3137312b2a) Importer(815301076,1909f56bfc062723c751e8b465ee728b)  -> (artifact id: 'e39bca05a6eddc029f29d2cb2d6640ff') in 0.008924 seconds 
========================================================================
Received Import Request.
  Time since last request: 0.000244 seconds.
  path: Assets/Sprite Art/cobblefloor.png
  artifactKey: Guid(e82d18b83658b4647bf19e3441b80256) Importer(815301076,1909f56bfc062723c751e8b465ee728b)
Start importing Assets/Sprite Art/cobblefloor.png using Guid(e82d18b83658b4647bf19e3441b80256) Importer(815301076,1909f56bfc062723c751e8b465ee728b)  -> (artifact id: '0cac51e3a7fe072ded98e7f768e51fc9') in 0.010943 seconds 
========================================================================
Received Import Request.
  Time since last request: 0.000256 seconds.
  path: Assets/Sprite Art/NPC placeholder.jpg
  artifactKey: Guid(81f62ae534917e84892be3dc8c62a474) Importer(815301076,1909f56bfc062723c751e8b465ee728b)
Start importing Assets/Sprite Art/NPC placeholder.jpg using Guid(81f62ae534917e84892be3dc8c62a474) Importer(815301076,1909f56bfc062723c751e8b465ee728b)  -> (artifact id: '29a4b09f730bd53c71840f0357a09817') in 0.020633 seconds 
========================================================================
Received Import Request.
  Time since last request: 0.000253 seconds.
  path: Assets/Sprite Art/npc2.png
  artifactKey: Guid(ab7146d6d512092498f0f3222641af36) Importer(815301076,1909f56bfc062723c751e8b465ee728b)
Start importing Assets/Sprite Art/npc2.png using Guid(ab7146d6d512092498f0f3222641af36) Importer(815301076,1909f56bfc062723c751e8b465ee728b)  -> (artifact id: 'd23fd06213f9d2c7247571a8a2c4a551') in 0.008881 seconds 
========================================================================
Received Import Request.
  Time since last request: 0.000214 seconds.
  path: Assets/Sprite Art/cante walk.png
  artifactKey: Guid(a3c7941f640391c49bda519b4cdbae21) Importer(815301076,1909f56bfc062723c751e8b465ee728b)
Start importing Assets/Sprite Art/cante walk.png using Guid(a3c7941f640391c49bda519b4cdbae21) Importer(815301076,1909f56bfc062723c751e8b465ee728b)  -> (artifact id: 'bd5b6bd4515334101f6d50b91e2505a1') in 0.010789 seconds 
========================================================================
Received Import Request.
  Time since last request: 0.000253 seconds.
  path: Assets/Sprite Art/cante sprites walk.png
  artifactKey: Guid(c3001f33026ba1147be82ba7a5384a0a) Importer(815301076,1909f56bfc062723c751e8b465ee728b)
Start importing Assets/Sprite Art/cante sprites walk.png using Guid(c3001f33026ba1147be82ba7a5384a0a) Importer(815301076,1909f56bfc062723c751e8b465ee728b)  -> (artifact id: '39af1e59bd755aa2c47940ce8a2d3f28') in 0.012905 seconds 
========================================================================
Received Import Request.
  Time since last request: 0.000221 seconds.
  path: Assets/Sprite Art/cante sprites small walk.png
  artifactKey: Guid(3152adfa92a4c91429f64fbd364711ca) Importer(815301076,1909f56bfc062723c751e8b465ee728b)
Start importing Assets/Sprite Art/cante sprites small walk.png using Guid(3152adfa92a4c91429f64fbd364711ca) Importer(815301076,1909f56bfc062723c751e8b465ee728b)  -> (artifact id: '126075667e88a668963710f7f40166a7') in 0.010090 seconds 
========================================================================
Received Import Request.
  Time since last request: 0.000208 seconds.
  path: Assets/Sprite Art/cante.png
  artifactKey: Guid(a77c906d02d0fb04c9103378271dee58) Importer(815301076,1909f56bfc062723c751e8b465ee728b)
Start importing Assets/Sprite Art/cante.png using Guid(a77c906d02d0fb04c9103378271dee58) Importer(815301076,1909f56bfc062723c751e8b465ee728b)  -> (artifact id: 'b77f188a3ef21d372a838c22b2fdf015') in 0.010087 seconds 
========================================================================
Received Import Request.
  Time since last request: 0.000256 seconds.
  path: Assets/Sprite Art/npc3.png
  artifactKey: Guid(fc6f2af0f415db84d91455ea092e1d41) Importer(815301076,1909f56bfc062723c751e8b465ee728b)
Start importing Assets/Sprite Art/npc3.png using Guid(fc6f2af0f415db84d91455ea092e1d41) Importer(815301076,1909f56bfc062723c751e8b465ee728b)  -> (artifact id: '0bcafbfda49637666228f469c61a28e9') in 0.009794 seconds 
========================================================================
Received Import Request.
  Time since last request: 0.000256 seconds.
  path: Assets/Sprite Art/cante sprites small.png
  artifactKey: Guid(905e3b9ba2a12a649b12882d34e7f6e0) Importer(815301076,1909f56bfc062723c751e8b465ee728b)
Start importing Assets/Sprite Art/cante sprites small.png using Guid(905e3b9ba2a12a649b12882d34e7f6e0) Importer(815301076,1909f56bfc062723c751e8b465ee728b)  -> (artifact id: 'd487eaaf29c257bb3b386c583c423de5') in 0.011317 seconds 
========================================================================
Received Import Request.
  Time since last request: 0.000264 seconds.
  path: Assets/Sprite Art/cante sprites.png
  artifactKey: Guid(5d2c64bfc755f5647b95516e277bb899) Importer(815301076,1909f56bfc062723c751e8b465ee728b)
Start importing Assets/Sprite Art/cante sprites.png using Guid(5d2c64bfc755f5647b95516e277bb899) Importer(815301076,1909f56bfc062723c751e8b465ee728b)  -> (artifact id: 'b9d6e30b0d4e043881b3822f2e78604f') in 0.012366 seconds 
========================================================================
Received Import Request.
  Time since last request: 14.433492 seconds.
  path: Assets/BattleSystem
  artifactKey: Guid(ece06d9a2f68de4459d07876d12ac107) Importer(815301076,1909f56bfc062723c751e8b465ee728b)
Start importing Assets/BattleSystem using Guid(ece06d9a2f68de4459d07876d12ac107) Importer(815301076,1909f56bfc062723c751e8b465ee728b)  -> (artifact id: '4db44ace2b319c4ea0b57640bdf64118') in 0.004790 seconds 
========================================================================
Received Prepare
Registering precompiled user dll's ...
Registered in 0.003060 seconds.
Begin MonoManager ReloadAssembly
Symbol file LoadedFromMemory doesn't match image C:\Users\axm69\Documents\GitHub\Talimentals-\Talimentals\Talimentals\Library\PackageCache\com.unity.visualscripting@1.6.1\Editor\VisualScripting.Core\Dependencies\YamlDotNet\Unity.VisualScripting.YamlDotNet.dll
Symbol file LoadedFromMemory doesn't match image C:\Users\axm69\Documents\GitHub\Talimentals-\Talimentals\Talimentals\Library\PackageCache\com.unity.visualscripting@1.6.1\Editor\VisualScripting.Core\Dependencies\DotNetZip\Unity.VisualScripting.IonicZip.dll
Native extension for WindowsStandalone target not found
Refreshing native plugins compatible for Editor in 0.62 ms, found 3 plugins.
Preloading 0 native plugins for Editor in 0.00 ms.
Mono: successfully reloaded assembly
- Completed reload, in  0.953 seconds
Domain Reload Profiling:
	ReloadAssembly (953ms)
		BeginReloadAssembly (96ms)
			ExecutionOrderSort (0ms)
			DisableScriptedObjects (4ms)
			BackupInstance (0ms)
			ReleaseScriptingObjects (0ms)
			CreateAndSetChildDomain (33ms)
		EndReloadAssembly (803ms)
			LoadAssemblies (72ms)
			RebuildTransferFunctionScriptingTraits (0ms)
			SetupTypeCache (330ms)
			ReleaseScriptCaches (1ms)
			RebuildScriptCaches (35ms)
			SetupLoadedEditorAssemblies (256ms)
				LogAssemblyErrors (0ms)
				InitializePlatformSupportModulesInManaged (4ms)
				SetLoadedEditorAssemblies (0ms)
				RefreshPlugins (1ms)
				BeforeProcessingInitializeOnLoad (42ms)
				ProcessInitializeOnLoadAttributes (200ms)
				ProcessInitializeOnLoadMethodAttributes (7ms)
				AfterProcessingInitializeOnLoad (2ms)
				EditorAssembliesLoaded (0ms)
			ExecutionOrderSort2 (0ms)
			AwakeInstancesAfterBackupRestoration (13ms)
Platform modules already initialized, skipping
Refreshing native plugins compatible for Editor in 0.57 ms, found 3 plugins.
Preloading 0 native plugins for Editor in 0.00 ms.
Unloading 3131 Unused Serialized files (Serialized files now loaded: 0)
System memory in use before: 126.3 MB.
System memory in use after: 126.6 MB.

Unloading 18 unused Assets to reduce memory usage. Loaded Objects now: 3827.
Total: 2.958100 ms (FindLiveObjects: 0.254400 ms CreateObjectMapping: 0.133900 ms MarkObjects: 2.550500 ms  DeleteObjects: 0.018600 ms)

AssetImportParameters requested are different than current active one (requested -> active):
  custom:framework-win-MediaFoundation: 216162199b28c13a410421893ffa2e32 -> 
  custom:video-decoder-ogg-theora: a1e56fd34408186e4bbccfd4996cb3dc -> 
  custom:container-muxer-webm: aa71ff27fc2769a1b78a27578f13a17b -> 
  custom:container-demuxer-webm: 4f35f7cbe854078d1ac9338744f61a02 -> 
  custom:container-demuxer-ogg: 62fdf1f143b41e24485cea50d1cbac27 -> 
  custom:video-encoder-webm-vp8: eb34c28f22e8b96e1ab97ce403110664 -> 
  custom:video-decoder-webm-vp8: 9c59270c3fd7afecdb556c50c9e8de78 -> 
  custom:audio-decoder-ogg-vorbis: bf7c407c2cedff20999df2af8eb42d56 -> 
  custom:audio-encoder-webm-vorbis: bf7c407c2cedff20999df2af8eb42d56 -> 
AssetImportWorkerClient::OnTransportError - code=2 error=End of file
